2016-11-30 23:57:27 [main] DEBUG connectK.ConnectK - Player 1 [GUI]  says:
2016-11-30 23:59:46 [main] DEBUG connectK.ConnectK - Player 1 [GUI]  says:
2016-11-30 23:59:48 [main] DEBUG connectK.ConnectK - Player 1 [GUI]  returns move 5, 4.
2016-11-30 23:59:48 [main] DEBUG connectK.ConnectK - Player 2 []  says:
2016-11-30 23:59:54 [main] DEBUG connectK.ConnectK - Player 2 []  returned a bad move null or went over time (6001).
2016-11-30 23:59:54 [main] DEBUG connectK.ConnectK - Player 1 [GUI]  (GUI) wins!
2016-12-01 00:01:59 [main] DEBUG connectK.ConnectK - Player 1 [GUI]  says:
2016-12-01 00:04:43 [main] DEBUG connectK.ConnectK - Player 1 [GUI]  says:
2016-12-01 00:04:45 [main] DEBUG connectK.ConnectK - Player 1 [GUI]  returns move 3, 3.
2016-12-01 00:04:45 [main] DEBUG connectK.ConnectK - Player 2 []  says:
2016-12-01 00:04:51 [main] DEBUG connectK.ConnectK - Player 2 []  returned a bad move null or went over time (6001).
2016-12-01 00:04:51 [main] DEBUG connectK.ConnectK - Player 1 [GUI]  (GUI) wins!
2016-12-01 00:05:54 [main] DEBUG connectK.ConnectK - Player 1 [GUI]  says:
2016-12-01 00:05:55 [main] DEBUG connectK.ConnectK - Player 1 [GUI]  returns move 5, 2.
2016-12-01 00:05:55 [main] DEBUG connectK.ConnectK - Player 2 []  says:
2016-12-01 00:06:01 [main] DEBUG connectK.ConnectK - Player 2 []  returned a bad move null or went over time (6000).
2016-12-01 00:06:01 [main] DEBUG connectK.ConnectK - Player 1 [GUI]  (GUI) wins!
2016-12-01 00:07:02 [main] DEBUG connectK.ConnectK - Player 1 [GUI]  says:
2016-12-01 00:07:02 [main] DEBUG connectK.ConnectK - Player 1 [GUI]  returns move 1, 2.
2016-12-01 00:07:02 [main] DEBUG connectK.ConnectK - Player 2 []  says:
2016-12-01 00:07:08 [main] DEBUG connectK.ConnectK - Player 2 []  returned a bad move null or went over time (6001).
2016-12-01 00:07:08 [main] DEBUG connectK.ConnectK - Player 1 [GUI]  (GUI) wins!
2016-12-01 00:09:25 [main] DEBUG connectK.ConnectK - Player 1 [GUI]  says:
2016-12-01 00:09:29 [main] DEBUG connectK.ConnectK - Player 1 [GUI]  returns move 2, 4.
2016-12-01 00:09:29 [main] DEBUG connectK.ConnectK - Player 2 []  says:
2016-12-01 00:09:35 [main] DEBUG connectK.ConnectK - Player 2 []  returned a bad move null or went over time (6000).
2016-12-01 00:09:35 [main] DEBUG connectK.ConnectK - Player 1 [GUI]  (GUI) wins!
2016-12-01 00:16:41 [main] DEBUG connectK.ConnectK - Player 1 [GUI]  says:
2016-12-01 00:16:42 [main] DEBUG connectK.ConnectK - Player 1 [GUI]  returns move 3, 4.
2016-12-01 00:16:42 [main] DEBUG connectK.ConnectK - Player 2 []  says:
2016-12-01 00:16:48 [main] DEBUG connectK.ConnectK - Player 2 []  returned a bad move null or went over time (6001).
2016-12-01 00:16:48 [main] DEBUG connectK.ConnectK - Player 1 [GUI]  (GUI) wins!
2016-12-01 00:17:27 [main] DEBUG connectK.ConnectK - Player 1 [GUI]  says:
2016-12-01 00:17:31 [main] DEBUG connectK.ConnectK - Player 1 [GUI]  says:
2016-12-01 00:17:31 [main] DEBUG connectK.ConnectK - Player 1 [GUI]  returns move 2, 3.
2016-12-01 00:17:31 [main] DEBUG connectK.ConnectK - Player 2 []  says:
2016-12-01 00:17:37 [main] DEBUG connectK.ConnectK - Player 2 []  returned a bad move null or went over time (6000).
2016-12-01 00:17:37 [main] DEBUG connectK.ConnectK - Player 1 [GUI]  (GUI) wins!
2016-12-01 00:18:18 [main] DEBUG connectK.ConnectK - Player 1 [GUI]  says:
2016-12-01 00:18:19 [main] DEBUG connectK.ConnectK - Player 1 [GUI]  returns move 4, 4.
2016-12-01 00:18:19 [main] DEBUG connectK.ConnectK - Player 2 []  says:
2016-12-01 00:18:25 [main] DEBUG connectK.ConnectK - Player 2 []  returned a bad move null or went over time (6000).
2016-12-01 00:18:25 [main] DEBUG connectK.ConnectK - Player 1 [GUI]  (GUI) wins!
2016-12-01 00:19:03 [main] DEBUG connectK.ConnectK - Player 1 [GUI]  says:
2016-12-01 00:19:05 [main] DEBUG connectK.ConnectK - Player 1 [GUI]  returns move 6, 2.
2016-12-01 00:19:05 [main] DEBUG connectK.ConnectK - Player 2 []  says:
2016-12-01 00:19:09 [main] DEBUG connectK.ConnectK - Player 2 []  returns move 1, 0.
2016-12-01 00:19:09 [main] DEBUG connectK.ConnectK - Player 1 [GUI]  says:
2016-12-01 00:19:12 [main] DEBUG connectK.ConnectK - Player 1 [GUI]  returns move 5, 2.
2016-12-01 00:19:12 [main] DEBUG connectK.ConnectK - Player 2 []  says:
2016-12-01 00:19:16 [main] DEBUG connectK.ConnectK - Player 2 []  returns move 3, 0.
2016-12-01 00:19:16 [main] DEBUG connectK.ConnectK - Player 1 [GUI]  says:
2016-12-01 10:26:35 [main] DEBUG connectK.ConnectK - Player 1 [GUI]  says:
